<?xml version="1.0" encoding="UTF-8"?>
<!-- Generated by org.testng.reporters.JUnitXMLReporter -->
<testsuite hostname="LAPTOP-0HFMUK50" ignored="3" name="Test" tests="5" failures="2" timestamp="26 Mar 2023 12:09:36 GMT" time="26.108" errors="0">
  <testcase name="addtocart" time="0.062" classname="com.mystore.testcases.ConfirmationPageTest">
    <failure type="org.openqa.selenium.NoSuchSessionException" message="Session ID is null. Using WebDriver after calling quit()?
Build info: version: &amp;apos;3.141.59&amp;apos;, revision: &amp;apos;e82be7d358&amp;apos;, time: &amp;apos;2018-11-14T08:17:03&amp;apos;
System info: host: &amp;apos;LAPTOP-0HFMUK50&amp;apos;, ip: &amp;apos;192.168.0.105&amp;apos;, os.name: &amp;apos;Windows 10&amp;apos;, os.arch: &amp;apos;amd64&amp;apos;, os.version: &amp;apos;10.0&amp;apos;, java.version: &amp;apos;1.8.0_361&amp;apos;
Driver info: driver.version: RemoteWebDriver">
      <![CDATA[org.openqa.selenium.NoSuchSessionException: Session ID is null. Using WebDriver after calling quit()?
Build info: version: '3.141.59', revision: 'e82be7d358', time: '2018-11-14T08:17:03'
System info: host: 'LAPTOP-0HFMUK50', ip: '192.168.0.105', os.name: 'Windows 10', os.arch: 'amd64', os.version: '10.0', java.version: '1.8.0_361'
Driver info: driver.version: RemoteWebDriver
	at org.openqa.selenium.remote.HttpCommandExecutor.execute(HttpCommandExecutor.java:125)
	at org.openqa.selenium.remote.service.DriverCommandExecutor.execute(DriverCommandExecutor.java:83)
	at org.openqa.selenium.remote.RemoteWebDriver.execute(RemoteWebDriver.java:552)
	at org.openqa.selenium.remote.RemoteWebDriver.perform(RemoteWebDriver.java:618)
	at org.openqa.selenium.interactions.Actions$BuiltAction.perform(Actions.java:639)
	at com.actiondriver.Action.click(Action.java:20)
	at com.pageobjects.IndexPage.login(IndexPage.java:37)
	at com.mystore.testcases.ConfirmationPageTest.addtocart(ConfirmationPageTest.java:40)
... Removed 25 stack frames]]>
    </failure>
  </testcase> <!-- addtocart -->
  <testcase name="Productcheck" time="2.441" classname="com.mystore.testcases.PrdouctPageTest"/>
  <testcase name="Productcheck" time="1.304" classname="com.mystore.testcases.PrdouctPageTest">
    <failure type="java.lang.AssertionError" message="expected [true] but found [false]">
      <![CDATA[java.lang.AssertionError: expected [true] but found [false]
	at com.pageobjects.ProductPage.verifyaddtocartt(ProductPage.java:34)
	at com.mystore.testcases.PrdouctPageTest.Productcheck(PrdouctPageTest.java:31)
... Removed 29 stack frames]]>
    </failure>
  </testcase> <!-- Productcheck -->
  <testcase name="loginTest" time="1.071" classname="com.mystore.testcases.IndexPageTest"/>
  <testcase name="addtocart" time="2.252" classname="com.mystore.testcases.CartPageTest"/>
  <testcase name="@BeforeTest loadConfig" time="0.0" classname="com.BaseClass.BaseClass">
    <ignored/>
  </testcase> <!-- @BeforeTest loadConfig -->
  <testcase name="@BeforeTest loadConfig" time="0.0" classname="com.BaseClass.BaseClass">
    <ignored/>
  </testcase> <!-- @BeforeTest loadConfig -->
  <testcase name="@BeforeTest loadConfig" time="0.0" classname="com.BaseClass.BaseClass">
    <ignored/>
  </testcase> <!-- @BeforeTest loadConfig -->
</testsuite> <!-- Test -->
